<?xml version="1.0" encoding="UTF-8"?>
<testng-results skipped="0" failed="0" ignored="0" total="1" passed="1">
  <reporter-output>
  </reporter-output>
  <suite name="InetBankingV1" duration-ms="101010" started-at="2020-02-15T16:58:37Z" finished-at="2020-02-15T17:00:18Z">
    <groups>
    </groups>
    <test name="BankingApp Test" duration-ms="101010" started-at="2020-02-15T16:58:37Z" finished-at="2020-02-15T17:00:18Z">
      <class name="com.inetbanking.testCases.TC_LoginTest_001">
        <test-method status="PASS" signature="setUp(java.lang.String)[pri:0, instance:com.inetbanking.testCases.TC_LoginTest_001@6442b0a6]" name="setUp" is-config="true" duration-ms="62361" started-at="2020-02-15T16:58:37Z" finished-at="2020-02-15T16:59:39Z">
          <params>
            <param index="0">
              <value>
                <![CDATA[Firefox]]>
              </value>
            </param>
          </params>
          <reporter-output>
          </reporter-output>
        </test-method> <!-- setUp -->
        <test-method status="PASS" signature="loginTest()[pri:0, instance:com.inetbanking.testCases.TC_LoginTest_001@6442b0a6]" name="loginTest" duration-ms="32064" started-at="2020-02-15T16:59:39Z" finished-at="2020-02-15T17:00:12Z">
          <reporter-output>
          </reporter-output>
        </test-method> <!-- loginTest -->
        <test-method status="PASS" signature="TearDown()[pri:0, instance:com.inetbanking.testCases.TC_LoginTest_001@6442b0a6]" name="TearDown" is-config="true" duration-ms="6359" started-at="2020-02-15T17:00:12Z" finished-at="2020-02-15T17:00:18Z">
          <reporter-output>
          </reporter-output>
        </test-method> <!-- TearDown -->
      </class> <!-- com.inetbanking.testCases.TC_LoginTest_001 -->
    </test> <!-- BankingApp Test -->
  </suite> <!-- InetBankingV1 -->
</testng-results>
